# JRE version: Java(TM) SE Runtime Environment (8.0_271-b09) (build 1.8.0_271-b09)
# Java VM: Java HotSpot(TM) 64-Bit Server VM (25.271-b09 mixed mode windows-amd64 compressed oops)
Heap:
 PSYoungGen      total 514560K, used 292227K [0x00000000e0000000, 0x0000000100000000, 0x0000000100000000)
  eden space 504832K, 57% used [0x00000000e0000000,0x00000000f190a618,0x00000000fed00000)
  from space 9728K, 45% used [0x00000000ff680000,0x00000000ffad6938,0x0000000100000000)
  to   space 9728K, 0% used [0x00000000fed00000,0x00000000fed00000,0x00000000ff680000)
 ParOldGen       total 524288K, used 13699K [0x00000000c0000000, 0x00000000e0000000, 0x00000000e0000000)
  object space 524288K, 2% used [0x00000000c0000000,0x00000000c0d60fd0,0x00000000e0000000)
 Metaspace       used 42672K, capacity 44352K, committed 44456K, reserved 1087488K
  class space    used 5635K, capacity 5974K, committed 6064K, reserved 1048576K
GC Heap History (10 events):
Event: 31.813 GC heap before
{Heap before GC invocations=4 (full 1):
 PSYoungGen      total 458752K, used 393216K [0x00000000e0000000, 0x0000000100000000, 0x0000000100000000)
  eden space 393216K, 100% used [0x00000000e0000000,0x00000000f8000000,0x00000000f8000000)
  from space 65536K, 0% used [0x00000000fc000000,0x00000000fc000000,0x0000000100000000)
  to   space 65536K, 0% used [0x00000000f8000000,0x00000000f8000000,0x00000000fc000000)
 ParOldGen       total 524288K, used 6225K [0x00000000c0000000, 0x00000000e0000000, 0x00000000e0000000)
  object space 524288K, 1% used [0x00000000c0000000,0x00000000c0614640,0x00000000e0000000)
 Metaspace       used 25550K, capacity 26660K, committed 26928K, reserved 1073152K
  class space    used 3302K, capacity 3532K, committed 3632K, reserved 1048576K
Event: 31.832 GC heap after
Heap after GC invocations=4 (full 1):
 PSYoungGen      total 458752K, used 5120K [0x00000000e0000000, 0x0000000100000000, 0x0000000100000000)
  eden space 393216K, 0% used [0x00000000e0000000,0x00000000e0000000,0x00000000f8000000)
  from space 65536K, 7% used [0x00000000f8000000,0x00000000f8500030,0x00000000fc000000)
  to   space 65536K, 0% used [0x00000000fc000000,0x00000000fc000000,0x0000000100000000)
 ParOldGen       total 524288K, used 6233K [0x00000000c0000000, 0x00000000e0000000, 0x00000000e0000000)
  object space 524288K, 1% used [0x00000000c0000000,0x00000000c0616640,0x00000000e0000000)
 Metaspace       used 25550K, capacity 26660K, committed 26928K, reserved 1073152K
  class space    used 3302K, capacity 3532K, committed 3632K, reserved 1048576K
}
Event: 36.470 GC heap before
{Heap before GC invocations=5 (full 1):
 PSYoungGen      total 458752K, used 398336K [0x00000000e0000000, 0x0000000100000000, 0x0000000100000000)
  eden space 393216K, 100% used [0x00000000e0000000,0x00000000f8000000,0x00000000f8000000)
  from space 65536K, 7% used [0x00000000f8000000,0x00000000f8500030,0x00000000fc000000)
  to   space 65536K, 0% used [0x00000000fc000000,0x00000000fc000000,0x0000000100000000)
 ParOldGen       total 524288K, used 6233K [0x00000000c0000000, 0x00000000e0000000, 0x00000000e0000000)
  object space 524288K, 1% used [0x00000000c0000000,0x00000000c0616640,0x00000000e0000000)
 Metaspace       used 32162K, capacity 33544K, committed 33712K, reserved 1079296K
  class space    used 4213K, capacity 4470K, committed 4528K, reserved 1048576K
Event: 36.500 GC heap after
Heap after GC invocations=5 (full 1):
 PSYoungGen      total 458752K, used 8404K [0x00000000e0000000, 0x0000000100000000, 0x0000000100000000)
  eden space 393216K, 0% used [0x00000000e0000000,0x00000000e0000000,0x00000000f8000000)
  from space 65536K, 12% used [0x00000000fc000000,0x00000000fc835040,0x0000000100000000)
  to   space 65536K, 0% used [0x00000000f8000000,0x00000000f8000000,0x00000000fc000000)
 ParOldGen       total 524288K, used 6241K [0x00000000c0000000, 0x00000000e0000000, 0x00000000e0000000)
  object space 524288K, 1% used [0x00000000c0000000,0x00000000c0618640,0x00000000e0000000)
 Metaspace       used 32162K, capacity 33544K, committed 33712K, reserved 1079296K
  class space    used 4213K, capacity 4470K, committed 4528K, reserved 1048576K
}
Event: 37.975 GC heap before
{Heap before GC invocations=6 (full 1):
 PSYoungGen      total 458752K, used 166296K [0x00000000e0000000, 0x0000000100000000, 0x0000000100000000)
  eden space 393216K, 40% used [0x00000000e0000000,0x00000000e9a312b8,0x00000000f8000000)
  from space 65536K, 12% used [0x00000000fc000000,0x00000000fc835040,0x0000000100000000)
  to   space 65536K, 0% used [0x00000000f8000000,0x00000000f8000000,0x00000000fc000000)
 ParOldGen       total 524288K, used 6241K [0x00000000c0000000, 0x00000000e0000000, 0x00000000e0000000)
  object space 524288K, 1% used [0x00000000c0000000,0x00000000c0618640,0x00000000e0000000)
 Metaspace       used 33890K, capacity 35432K, committed 35496K, reserved 1079296K
  class space    used 4464K, capacity 4780K, committed 4784K, reserved 1048576K
Event: 38.033 GC heap after
Heap after GC invocations=6 (full 1):
 PSYoungGen      total 458752K, used 8500K [0x00000000e0000000, 0x0000000100000000, 0x0000000100000000)
  eden space 393216K, 0% used [0x00000000e0000000,0x00000000e0000000,0x00000000f8000000)
  from space 65536K, 12% used [0x00000000f8000000,0x00000000f884d040,0x00000000fc000000)
  to   space 9728K, 0% used [0x00000000ff680000,0x00000000ff680000,0x0000000100000000)
 ParOldGen       total 524288K, used 6249K [0x00000000c0000000, 0x00000000e0000000, 0x00000000e0000000)
  object space 524288K, 1% used [0x00000000c0000000,0x00000000c061a640,0x00000000e0000000)
 Metaspace       used 33890K, capacity 35432K, committed 35496K, reserved 1079296K
  class space    used 4464K, capacity 4780K, committed 4784K, reserved 1048576K
}
Event: 38.033 GC heap before
{Heap before GC invocations=7 (full 2):
 PSYoungGen      total 458752K, used 8500K [0x00000000e0000000, 0x0000000100000000, 0x0000000100000000)
  eden space 393216K, 0% used [0x00000000e0000000,0x00000000e0000000,0x00000000f8000000)
  from space 65536K, 12% used [0x00000000f8000000,0x00000000f884d040,0x00000000fc000000)
  to   space 9728K, 0% used [0x00000000ff680000,0x00000000ff680000,0x0000000100000000)
 ParOldGen       total 524288K, used 6249K [0x00000000c0000000, 0x00000000e0000000, 0x00000000e0000000)
  object space 524288K, 1% used [0x00000000c0000000,0x00000000c061a640,0x00000000e0000000)
 Metaspace       used 33890K, capacity 35432K, committed 35496K, reserved 1079296K
  class space    used 4464K, capacity 4780K, committed 4784K, reserved 1048576K
Event: 38.334 GC heap after
Heap after GC invocations=7 (full 2):
 PSYoungGen      total 458752K, used 0K [0x00000000e0000000, 0x0000000100000000, 0x0000000100000000)
  eden space 393216K, 0% used [0x00000000e0000000,0x00000000e0000000,0x00000000f8000000)
  from space 65536K, 0% used [0x00000000f8000000,0x00000000f8000000,0x00000000fc000000)
  to   space 9728K, 0% used [0x00000000ff680000,0x00000000ff680000,0x0000000100000000)
 ParOldGen       total 524288K, used 13691K [0x00000000c0000000, 0x00000000e0000000, 0x00000000e0000000)
  object space 524288K, 2% used [0x00000000c0000000,0x00000000c0d5efd0,0x00000000e0000000)
 Metaspace       used 33890K, capacity 35432K, committed 35496K, reserved 1079296K
  class space    used 4464K, capacity 4780K, committed 4784K, reserved 1048576K
}
Event: 44.188 GC heap before
{Heap before GC invocations=8 (full 2):
 PSYoungGen      total 458752K, used 393216K [0x00000000e0000000, 0x0000000100000000, 0x0000000100000000)
  eden space 393216K, 100% used [0x00000000e0000000,0x00000000f8000000,0x00000000f8000000)
  from space 65536K, 0% used [0x00000000f8000000,0x00000000f8000000,0x00000000fc000000)
  to   space 9728K, 0% used [0x00000000ff680000,0x00000000ff680000,0x0000000100000000)
 ParOldGen       total 524288K, used 13691K [0x00000000c0000000, 0x00000000e0000000, 0x00000000e0000000)
  object space 524288K, 2% used [0x00000000c0000000,0x00000000c0d5efd0,0x00000000e0000000)
 Metaspace       used 41397K, capacity 43062K, committed 43176K, reserved 1087488K
  class space    used 5469K, capacity 5805K, committed 5808K, reserved 1048576K
Event: 44.218 GC heap after
Heap after GC invocations=8 (full 2):
 PSYoungGen      total 514560K, used 4442K [0x00000000e0000000, 0x0000000100000000, 0x0000000100000000)
  eden space 504832K, 0% used [0x00000000e0000000,0x00000000e0000000,0x00000000fed00000)
  from space 9728K, 45% used [0x00000000ff680000,0x00000000ffad6938,0x0000000100000000)
  to   space 9728K, 0% used [0x00000000fed00000,0x00000000fed00000,0x00000000ff680000)
 ParOldGen       total 524288K, used 13699K [0x00000000c0000000, 0x00000000e0000000, 0x00000000e0000000)
  object space 524288K, 2% used [0x00000000c0000000,0x00000000c0d60fd0,0x00000000e0000000)
 Metaspace       used 41397K, capacity 43062K, committed 43176K, reserved 1087488K
  class space    used 5469K, capacity 5805K, committed 5808K, reserved 1048576K
}

