# JRE version: Java(TM) SE Runtime Environment (8.0_333-b02) (build 1.8.0_333-b02)
# Java VM: Java HotSpot(TM) 64-Bit Server VM (25.333-b02 mixed mode windows-amd64 compressed oops)
Heap:
 PSYoungGen      total 515584K, used 162655K [0x00000000e0000000, 0x0000000100000000, 0x0000000100000000)
  eden space 506880K, 31% used [0x00000000e0000000,0x00000000e9a1d4c8,0x00000000fef00000)
  from space 8704K, 55% used [0x00000000ff780000,0x00000000ffc3a938,0x0000000100000000)
  to   space 8704K, 0% used [0x00000000fef00000,0x00000000fef00000,0x00000000ff780000)
 ParOldGen       total 524288K, used 12662K [0x00000000c0000000, 0x00000000e0000000, 0x00000000e0000000)
  object space 524288K, 2% used [0x00000000c0000000,0x00000000c0c5d9f8,0x00000000e0000000)
 Metaspace       used 45579K, capacity 47448K, committed 47744K, reserved 1091584K
  class space    used 6048K, capacity 6438K, committed 6528K, reserved 1048576K
GC Heap History (10 events):
Event: 4.051 GC heap before
{Heap before GC invocations=4 (full 1):
 PSYoungGen      total 458752K, used 393216K [0x00000000e0000000, 0x0000000100000000, 0x0000000100000000)
  eden space 393216K, 100% used [0x00000000e0000000,0x00000000f8000000,0x00000000f8000000)
  from space 65536K, 0% used [0x00000000fc000000,0x00000000fc000000,0x0000000100000000)
  to   space 65536K, 0% used [0x00000000f8000000,0x00000000f8000000,0x00000000fc000000)
 ParOldGen       total 524288K, used 6245K [0x00000000c0000000, 0x00000000e0000000, 0x00000000e0000000)
  object space 524288K, 1% used [0x00000000c0000000,0x00000000c0619750,0x00000000e0000000)
 Metaspace       used 26234K, capacity 27438K, committed 27520K, reserved 1073152K
  class space    used 3391K, capacity 3665K, committed 3712K, reserved 1048576K
Event: 4.057 GC heap after
Heap after GC invocations=4 (full 1):
 PSYoungGen      total 458752K, used 4448K [0x00000000e0000000, 0x0000000100000000, 0x0000000100000000)
  eden space 393216K, 0% used [0x00000000e0000000,0x00000000e0000000,0x00000000f8000000)
  from space 65536K, 6% used [0x00000000f8000000,0x00000000f8458030,0x00000000fc000000)
  to   space 65536K, 0% used [0x00000000fc000000,0x00000000fc000000,0x0000000100000000)
 ParOldGen       total 524288K, used 6253K [0x00000000c0000000, 0x00000000e0000000, 0x00000000e0000000)
  object space 524288K, 1% used [0x00000000c0000000,0x00000000c061b750,0x00000000e0000000)
 Metaspace       used 26234K, capacity 27438K, committed 27520K, reserved 1073152K
  class space    used 3391K, capacity 3665K, committed 3712K, reserved 1048576K
}
Event: 5.250 GC heap before
{Heap before GC invocations=5 (full 1):
 PSYoungGen      total 458752K, used 397664K [0x00000000e0000000, 0x0000000100000000, 0x0000000100000000)
  eden space 393216K, 100% used [0x00000000e0000000,0x00000000f8000000,0x00000000f8000000)
  from space 65536K, 6% used [0x00000000f8000000,0x00000000f8458030,0x00000000fc000000)
  to   space 65536K, 0% used [0x00000000fc000000,0x00000000fc000000,0x0000000100000000)
 ParOldGen       total 524288K, used 6253K [0x00000000c0000000, 0x00000000e0000000, 0x00000000e0000000)
  object space 524288K, 1% used [0x00000000c0000000,0x00000000c061b750,0x00000000e0000000)
 Metaspace       used 32723K, capacity 34252K, committed 34304K, reserved 1079296K
  class space    used 4285K, capacity 4584K, committed 4608K, reserved 1048576K
Event: 5.258 GC heap after
Heap after GC invocations=5 (full 1):
 PSYoungGen      total 458752K, used 7476K [0x00000000e0000000, 0x0000000100000000, 0x0000000100000000)
  eden space 393216K, 0% used [0x00000000e0000000,0x00000000e0000000,0x00000000f8000000)
  from space 65536K, 11% used [0x00000000fc000000,0x00000000fc74d040,0x0000000100000000)
  to   space 65536K, 0% used [0x00000000f8000000,0x00000000f8000000,0x00000000fc000000)
 ParOldGen       total 524288K, used 6269K [0x00000000c0000000, 0x00000000e0000000, 0x00000000e0000000)
  object space 524288K, 1% used [0x00000000c0000000,0x00000000c061f750,0x00000000e0000000)
 Metaspace       used 32723K, capacity 34252K, committed 34304K, reserved 1079296K
  class space    used 4285K, capacity 4584K, committed 4608K, reserved 1048576K
}
Event: 5.334 GC heap before
{Heap before GC invocations=6 (full 1):
 PSYoungGen      total 458752K, used 41429K [0x00000000e0000000, 0x0000000100000000, 0x0000000100000000)
  eden space 393216K, 8% used [0x00000000e0000000,0x00000000e2128740,0x00000000f8000000)
  from space 65536K, 11% used [0x00000000fc000000,0x00000000fc74d040,0x0000000100000000)
  to   space 65536K, 0% used [0x00000000f8000000,0x00000000f8000000,0x00000000fc000000)
 ParOldGen       total 524288K, used 6269K [0x00000000c0000000, 0x00000000e0000000, 0x00000000e0000000)
  object space 524288K, 1% used [0x00000000c0000000,0x00000000c061f750,0x00000000e0000000)
 Metaspace       used 33894K, capacity 35404K, committed 35456K, reserved 1079296K
  class space    used 4418K, capacity 4712K, committed 4736K, reserved 1048576K
Event: 5.339 GC heap after
Heap after GC invocations=6 (full 1):
 PSYoungGen      total 458752K, used 7456K [0x00000000e0000000, 0x0000000100000000, 0x0000000100000000)
  eden space 393216K, 0% used [0x00000000e0000000,0x00000000e0000000,0x00000000f8000000)
  from space 65536K, 11% used [0x00000000f8000000,0x00000000f8748040,0x00000000fc000000)
  to   space 8704K, 0% used [0x00000000ff780000,0x00000000ff780000,0x0000000100000000)
 ParOldGen       total 524288K, used 6277K [0x00000000c0000000, 0x00000000e0000000, 0x00000000e0000000)
  object space 524288K, 1% used [0x00000000c0000000,0x00000000c0621750,0x00000000e0000000)
 Metaspace       used 33894K, capacity 35404K, committed 35456K, reserved 1079296K
  class space    used 4418K, capacity 4712K, committed 4736K, reserved 1048576K
}
Event: 5.339 GC heap before
{Heap before GC invocations=7 (full 2):
 PSYoungGen      total 458752K, used 7456K [0x00000000e0000000, 0x0000000100000000, 0x0000000100000000)
  eden space 393216K, 0% used [0x00000000e0000000,0x00000000e0000000,0x00000000f8000000)
  from space 65536K, 11% used [0x00000000f8000000,0x00000000f8748040,0x00000000fc000000)
  to   space 8704K, 0% used [0x00000000ff780000,0x00000000ff780000,0x0000000100000000)
 ParOldGen       total 524288K, used 6277K [0x00000000c0000000, 0x00000000e0000000, 0x00000000e0000000)
  object space 524288K, 1% used [0x00000000c0000000,0x00000000c0621750,0x00000000e0000000)
 Metaspace       used 33894K, capacity 35404K, committed 35456K, reserved 1079296K
  class space    used 4418K, capacity 4712K, committed 4736K, reserved 1048576K
Event: 5.401 GC heap after
Heap after GC invocations=7 (full 2):
 PSYoungGen      total 458752K, used 0K [0x00000000e0000000, 0x0000000100000000, 0x0000000100000000)
  eden space 393216K, 0% used [0x00000000e0000000,0x00000000e0000000,0x00000000f8000000)
  from space 65536K, 0% used [0x00000000f8000000,0x00000000f8000000,0x00000000fc000000)
  to   space 8704K, 0% used [0x00000000ff780000,0x00000000ff780000,0x0000000100000000)
 ParOldGen       total 524288K, used 12654K [0x00000000c0000000, 0x00000000e0000000, 0x00000000e0000000)
  object space 524288K, 2% used [0x00000000c0000000,0x00000000c0c5b9f8,0x00000000e0000000)
 Metaspace       used 33894K, capacity 35404K, committed 35456K, reserved 1079296K
  class space    used 4418K, capacity 4712K, committed 4736K, reserved 1048576K
}
Event: 6.762 GC heap before
{Heap before GC invocations=8 (full 2):
 PSYoungGen      total 458752K, used 393216K [0x00000000e0000000, 0x0000000100000000, 0x0000000100000000)
  eden space 393216K, 100% used [0x00000000e0000000,0x00000000f8000000,0x00000000f8000000)
  from space 65536K, 0% used [0x00000000f8000000,0x00000000f8000000,0x00000000fc000000)
  to   space 8704K, 0% used [0x00000000ff780000,0x00000000ff780000,0x0000000100000000)
 ParOldGen       total 524288K, used 12654K [0x00000000c0000000, 0x00000000e0000000, 0x00000000e0000000)
  object space 524288K, 2% used [0x00000000c0000000,0x00000000c0c5b9f8,0x00000000e0000000)
 Metaspace       used 43793K, capacity 45574K, committed 45824K, reserved 1089536K
  class space    used 5767K, capacity 6113K, committed 6144K, reserved 1048576K
Event: 6.783 GC heap after
Heap after GC invocations=8 (full 2):
 PSYoungGen      total 515584K, used 4842K [0x00000000e0000000, 0x0000000100000000, 0x0000000100000000)
  eden space 506880K, 0% used [0x00000000e0000000,0x00000000e0000000,0x00000000fef00000)
  from space 8704K, 55% used [0x00000000ff780000,0x00000000ffc3a938,0x0000000100000000)
  to   space 8704K, 0% used [0x00000000fef00000,0x00000000fef00000,0x00000000ff780000)
 ParOldGen       total 524288K, used 12662K [0x00000000c0000000, 0x00000000e0000000, 0x00000000e0000000)
  object space 524288K, 2% used [0x00000000c0000000,0x00000000c0c5d9f8,0x00000000e0000000)
 Metaspace       used 43793K, capacity 45574K, committed 45824K, reserved 1089536K
  class space    used 5767K, capacity 6113K, committed 6144K, reserved 1048576K
}

